<?xml version="1.0" encoding="UTF-8"?>
<!-- Generated by org.testng.reporters.JUnitReportReporter -->
<testsuite hostname="LAPTOP-D72R403P" failures="0" tests="1" name="runner.CucumberRunnerTests" time="30.325" errors="0" timestamp="2023-03-24T18:22:13 IST" skipped="0">
  <testcase classname="runner.CucumberRunnerTests" name="runScenario" time="30.325"/>
  <system-out/>
</testsuite> <!-- runner.CucumberRunnerTests -->
